0 info it worked if it ends with ok
1 verbose cli [ 'C:\\Program Files\\nodejs\\node.exe',
1 verbose cli   'C:\\Program Files\\nodejs\\node_modules\\npm\\bin\\npm-cli.js',
1 verbose cli   'run',
1 verbose cli   'dev' ]
2 info using npm@6.2.0
3 info using node@v10.8.0
4 verbose run-script [ 'predev', 'dev', 'postdev' ]
5 info lifecycle iview-admin@2.0.0~predev: iview-admin@2.0.0
6 info lifecycle iview-admin@2.0.0~dev: iview-admin@2.0.0
7 verbose lifecycle iview-admin@2.0.0~dev: unsafe-perm in lifecycle true
8 verbose lifecycle iview-admin@2.0.0~dev: PATH: C:\Program Files\nodejs\node_modules\npm\node_modules\npm-lifecycle\node-gyp-bin;C:\code\Apache\htdocs\hxx-admin\node_modules\.bin;C:\Program Files (x86)\Common Files\Oracle\Java\javapath;C:\Program Files (x86)\Intel\iCLS Client\;C:\Program Files\Intel\iCLS Client\;C:\Windows\system32;C:\Windows;C:\Windows\System32\Wbem;C:\Windows\System32\WindowsPowerShell\v1.0\;C:\Program Files (x86)\Intel\Intel(R) Management Engine Components\DAL;C:\Program Files\Intel\Intel(R) Management Engine Components\DAL;C:\Program Files (x86)\Intel\Intel(R) Management Engine Components\IPT;C:\Program Files\Intel\Intel(R) Management Engine Components\IPT;C:\Program Files (x86)\NVIDIA Corporation\PhysX\Common;C:\Program Files\Intel\WiFi\bin\;C:\Program Files\Common Files\Intel\WirelessCommon\;C:\WINDOWS\system32;C:\WINDOWS;C:\WINDOWS\System32\Wbem;C:\WINDOWS\System32\WindowsPowerShell\v1.0\;C:\Program Files\Git\cmd;C:\code\php;C:\ProgramData\ComposerSetup\bin;C:\WINDOWS\System32\OpenSSH\;C:\code\phpunit;C:\code\seachcmd;C:\Program Files\nodejs\;C:\Users\10464\AppData\Local\Programs\Python\Python37\Scripts\;C:\Users\10464\AppData\Local\Programs\Python\Python37\;C:\Users\10464\AppData\Local\Microsoft\WindowsApps;C:\code\php\php.exe;C:\Users\10464\AppData\Roaming\Composer\vendor\bin;C:\code\phpunit;C:\code\seachcmd\sencha.exe;C:\Users\10464\AppData\Roaming\npm;C:\Program Files\Java\jdk1.8.0_181\bin;C:\Users\10464\AppData\Local\Programs\Python\Python37;C:\Users\10464\AppData\Local\Programs\Python\Python37\Scripts;C:\Users\10464\AppData\Local\Programs\Python\Python37\geckodriver.exe;
9 verbose lifecycle iview-admin@2.0.0~dev: CWD: C:\code\Apache\htdocs\hxx-admin
10 silly lifecycle iview-admin@2.0.0~dev: Args: [ '/d /s /c', 'vue-cli-service serve --open' ]
11 silly lifecycle iview-admin@2.0.0~dev: Returned: code: 1073807364  signal: null
12 info lifecycle iview-admin@2.0.0~dev: Failed to exec dev script
13 verbose stack Error: iview-admin@2.0.0 dev: `vue-cli-service serve --open`
13 verbose stack Exit status 1073807364
13 verbose stack     at EventEmitter.<anonymous> (C:\Program Files\nodejs\node_modules\npm\node_modules\npm-lifecycle\index.js:304:16)
13 verbose stack     at EventEmitter.emit (events.js:182:13)
13 verbose stack     at ChildProcess.<anonymous> (C:\Program Files\nodejs\node_modules\npm\node_modules\npm-lifecycle\lib\spawn.js:55:14)
13 verbose stack     at ChildProcess.emit (events.js:182:13)
13 verbose stack     at maybeClose (internal/child_process.js:962:16)
13 verbose stack     at Process.ChildProcess._handle.onexit (internal/child_process.js:249:5)
14 verbose pkgid iview-admin@2.0.0
15 verbose cwd C:\code\Apache\htdocs\hxx-admin
16 verbose Windows_NT 10.0.17134
17 verbose argv "C:\\Program Files\\nodejs\\node.exe" "C:\\Program Files\\nodejs\\node_modules\\npm\\bin\\npm-cli.js" "run" "dev"
18 verbose node v10.8.0
19 verbose npm  v6.2.0
20 error code ELIFECYCLE
21 error errno 1073807364
22 error iview-admin@2.0.0 dev: `vue-cli-service serve --open`
22 error Exit status 1073807364
23 error Failed at the iview-admin@2.0.0 dev script.
23 error This is probably not a problem with npm. There is likely additional logging output above.
24 verbose exit [ 1073807364, true ]
